{"message":"User not found","level":"error","timestamp":"2021-08-14T09:13:47.266Z"}
{"message":"Invalid details","level":"error","timestamp":"2021-08-14T09:19:47.510Z"}
{"message":"Invalid details","level":"error","timestamp":"2021-08-14T09:19:47.524Z"}
{"message":"Invalid details","level":"error","timestamp":"2021-08-14T09:19:47.533Z"}
{"message":"Invalid details","level":"error","timestamp":"2021-08-14T09:19:47.543Z"}
{"message":"User not found","level":"error","timestamp":"2021-08-14T09:19:47.698Z"}
{"message":"User not found","level":"error","timestamp":"2021-08-14T09:19:47.832Z"}
{"message":"Invalid details","level":"error","timestamp":"2021-08-15T05:56:27.875Z"}
{"message":"Invalid details","level":"error","timestamp":"2021-08-15T05:57:28.615Z"}
{"message":"Invalid details","level":"error","timestamp":"2021-08-15T05:58:52.785Z"}
{"message":"Invalid details","level":"error","timestamp":"2021-08-15T05:59:19.818Z"}
{"message":"Invalid details","level":"error","timestamp":"2021-08-15T05:59:27.792Z"}
{"message":"Invalid details","level":"error","timestamp":"2021-08-15T10:37:25.173Z"}
{"message":"Invalid details","level":"error","timestamp":"2021-08-15T10:37:25.181Z"}
{"message":"Invalid details","level":"error","timestamp":"2021-08-15T10:37:25.190Z"}
{"message":"Invalid details","level":"error","timestamp":"2021-08-15T10:37:25.199Z"}
{"message":"User not found","level":"error","timestamp":"2021-08-15T10:37:25.398Z"}
{"message":"User not found","level":"error","timestamp":"2021-08-15T10:37:25.540Z"}
{"message":"Invalid details","level":"error","timestamp":"2021-08-15T17:56:36.314Z"}
{"message":"Invalid details","level":"error","timestamp":"2021-08-15T17:56:36.324Z"}
{"message":"Invalid details","level":"error","timestamp":"2021-08-15T17:56:36.335Z"}
{"message":"Invalid details","level":"error","timestamp":"2021-08-15T17:56:36.350Z"}
{"message":"User not found","level":"error","timestamp":"2021-08-15T17:56:36.541Z"}
{"message":"User not found","level":"error","timestamp":"2021-08-15T17:56:36.680Z"}
{"message":"Invalid details","level":"error","timestamp":"2021-08-16T02:38:39.330Z"}
{"message":"Invalid details","level":"error","timestamp":"2021-08-16T02:38:39.350Z"}
{"message":"Invalid details","level":"error","timestamp":"2021-08-16T02:38:39.378Z"}
{"message":"Invalid details","level":"error","timestamp":"2021-08-16T02:38:39.400Z"}
{"message":"User not found","level":"error","timestamp":"2021-08-16T02:38:39.838Z"}
{"message":"User not found","level":"error","timestamp":"2021-08-16T02:38:40.012Z"}
{"message":"Invalid details","level":"error","timestamp":"2021-08-16T02:45:08.217Z"}
{"message":"Could not connect to the database","level":"error","timestamp":"2021-08-20T17:04:22.589Z"}
{"message":"Invalid details","level":"error","timestamp":"2021-08-20T17:24:54.516Z"}
{"message":"Invalid details","level":"error","timestamp":"2021-08-20T17:24:54.525Z"}
{"message":"Invalid details","level":"error","timestamp":"2021-08-20T17:24:54.536Z"}
{"message":"Invalid details","level":"error","timestamp":"2021-08-20T17:24:54.544Z"}
{"message":"User not found","level":"error","timestamp":"2021-08-20T17:24:55.027Z"}
{"message":"User not found","level":"error","timestamp":"2021-08-20T17:24:55.196Z"}
{"message":"Some error occured","level":"error","timestamp":"2021-08-20T17:36:41.948Z"}
{"message":"Invalid details","level":"error","timestamp":"2021-08-20T17:36:42.013Z"}
{"message":"Invalid details","level":"error","timestamp":"2021-08-20T17:36:42.024Z"}
{"message":"Invalid details","level":"error","timestamp":"2021-08-20T17:36:42.034Z"}
{"message":"Invalid details","level":"error","timestamp":"2021-08-20T17:36:42.047Z"}
{"message":"User not found","level":"error","timestamp":"2021-08-20T17:36:42.208Z"}
{"message":"User not found","level":"error","timestamp":"2021-08-20T17:36:42.344Z"}
{"message":"Some error occured","level":"error","timestamp":"2021-08-20T17:37:43.173Z"}
{"message":"Invalid details","level":"error","timestamp":"2021-08-20T17:37:43.206Z"}
{"message":"Invalid details","level":"error","timestamp":"2021-08-20T17:37:43.217Z"}
{"message":"Invalid details","level":"error","timestamp":"2021-08-20T17:37:43.226Z"}
{"message":"Invalid details","level":"error","timestamp":"2021-08-20T17:37:43.237Z"}
{"message":"User not found","level":"error","timestamp":"2021-08-20T17:37:43.395Z"}
{"message":"User not found","level":"error","timestamp":"2021-08-20T17:37:43.535Z"}
{"message":"Invalid details","level":"error","timestamp":"2021-08-21T15:02:28.686Z"}
{"message":"User not found","level":"error","timestamp":"2021-08-21T15:03:05.243Z"}
{"message":"User not found","level":"error","timestamp":"2021-08-21T15:03:10.918Z"}
{"message":"User not found","level":"error","timestamp":"2021-08-21T15:03:21.598Z"}
{"message":"User not found","level":"error","timestamp":"2021-08-21T15:03:23.004Z"}
{"message":"Some error occured","level":"error","timestamp":"2021-08-23T04:47:45.577Z"}
{"message":"Invalid details","level":"error","timestamp":"2021-08-23T04:47:45.635Z"}
{"message":"Invalid details","level":"error","timestamp":"2021-08-23T04:47:45.655Z"}
{"message":"Invalid details","level":"error","timestamp":"2021-08-23T04:47:45.698Z"}
{"message":"Invalid details","level":"error","timestamp":"2021-08-23T04:47:45.712Z"}
{"message":"User not found","level":"error","timestamp":"2021-08-23T04:47:45.983Z"}
{"message":"User not found","level":"error","timestamp":"2021-08-23T04:47:46.180Z"}
{"message":"Some error occured","level":"error","timestamp":"2021-08-23T16:36:00.998Z"}
{"message":"Invalid details","level":"error","timestamp":"2021-08-23T16:36:01.105Z"}
{"message":"Invalid details","level":"error","timestamp":"2021-08-23T16:36:01.116Z"}
{"message":"Invalid details","level":"error","timestamp":"2021-08-23T16:36:01.128Z"}
{"message":"Invalid details","level":"error","timestamp":"2021-08-23T16:36:01.140Z"}
{"message":"User not found","level":"error","timestamp":"2021-08-23T16:36:01.323Z"}
{"message":"User not found","level":"error","timestamp":"2021-08-23T16:36:01.504Z"}
{"message":"Some error occured","level":"error","timestamp":"2021-08-23T17:29:34.348Z"}
{"message":"Invalid details","level":"error","timestamp":"2021-08-23T17:29:34.379Z"}
{"message":"Invalid details","level":"error","timestamp":"2021-08-23T17:29:34.389Z"}
{"message":"Invalid details","level":"error","timestamp":"2021-08-23T17:29:34.397Z"}
{"message":"Invalid details","level":"error","timestamp":"2021-08-23T17:29:34.406Z"}
{"message":"User not found","level":"error","timestamp":"2021-08-23T17:29:34.599Z"}
{"message":"User not found","level":"error","timestamp":"2021-08-23T17:29:34.744Z"}
{"message":"Some error occured","level":"error","timestamp":"2021-08-23T17:31:26.374Z"}
{"message":"Invalid details","level":"error","timestamp":"2021-08-23T17:31:26.406Z"}
{"message":"Invalid details","level":"error","timestamp":"2021-08-23T17:31:26.416Z"}
{"message":"Invalid details","level":"error","timestamp":"2021-08-23T17:31:26.424Z"}
{"message":"Invalid details","level":"error","timestamp":"2021-08-23T17:31:26.433Z"}
{"message":"User not found","level":"error","timestamp":"2021-08-23T17:31:26.620Z"}
{"message":"User not found","level":"error","timestamp":"2021-08-23T17:31:26.758Z"}
{"message":"Some error occured","level":"error","timestamp":"2021-08-23T17:46:32.419Z"}
{"message":"Invalid details","level":"error","timestamp":"2021-08-23T17:46:32.450Z"}
{"message":"Invalid details","level":"error","timestamp":"2021-08-23T17:46:32.459Z"}
{"message":"Invalid details","level":"error","timestamp":"2021-08-23T17:46:32.468Z"}
{"message":"Invalid details","level":"error","timestamp":"2021-08-23T17:46:32.478Z"}
{"message":"User not found","level":"error","timestamp":"2021-08-23T17:46:32.662Z"}
{"message":"User not found","level":"error","timestamp":"2021-08-23T17:46:32.801Z"}
{"message":"Some error occured","level":"error","timestamp":"2021-08-23T17:56:28.466Z"}
{"message":"Invalid details","level":"error","timestamp":"2021-08-23T17:56:28.497Z"}
{"message":"Invalid details","level":"error","timestamp":"2021-08-23T17:56:28.506Z"}
{"message":"Invalid details","level":"error","timestamp":"2021-08-23T17:56:28.516Z"}
{"message":"Invalid details","level":"error","timestamp":"2021-08-23T17:56:28.524Z"}
{"message":"User not found","level":"error","timestamp":"2021-08-23T17:56:28.704Z"}
{"message":"User not found","level":"error","timestamp":"2021-08-23T17:56:28.842Z"}
{"message":"Some error occured","level":"error","timestamp":"2021-08-23T17:57:25.915Z"}
{"message":"Invalid details","level":"error","timestamp":"2021-08-23T17:57:25.964Z"}
{"message":"Invalid details","level":"error","timestamp":"2021-08-23T17:57:25.976Z"}
{"message":"Invalid details","level":"error","timestamp":"2021-08-23T17:57:25.986Z"}
{"message":"Invalid details","level":"error","timestamp":"2021-08-23T17:57:25.998Z"}
{"message":"User not found","level":"error","timestamp":"2021-08-23T17:57:26.209Z"}
{"message":"User not found","level":"error","timestamp":"2021-08-23T17:57:26.350Z"}
{"message":"Some error occured","level":"error","timestamp":"2021-08-23T18:04:20.793Z"}
{"message":"Invalid details","level":"error","timestamp":"2021-08-23T18:04:20.839Z"}
{"message":"Invalid details","level":"error","timestamp":"2021-08-23T18:04:20.852Z"}
{"message":"Invalid details","level":"error","timestamp":"2021-08-23T18:04:20.865Z"}
{"message":"Invalid details","level":"error","timestamp":"2021-08-23T18:04:20.878Z"}
{"message":"User not found","level":"error","timestamp":"2021-08-23T18:04:21.104Z"}
{"message":"User not found","level":"error","timestamp":"2021-08-23T18:04:21.257Z"}
{"message":"Some error occured","level":"error","timestamp":"2021-08-23T18:06:18.577Z"}
{"message":"Invalid details","level":"error","timestamp":"2021-08-23T18:06:18.610Z"}
{"message":"Invalid details","level":"error","timestamp":"2021-08-23T18:06:18.619Z"}
{"message":"Invalid details","level":"error","timestamp":"2021-08-23T18:06:18.627Z"}
{"message":"Invalid details","level":"error","timestamp":"2021-08-23T18:06:18.635Z"}
{"message":"User not found","level":"error","timestamp":"2021-08-23T18:06:18.818Z"}
{"message":"User not found","level":"error","timestamp":"2021-08-23T18:06:18.964Z"}
{"message":"Some error occured","level":"error","timestamp":"2021-08-23T18:13:51.017Z"}
{"message":"Invalid details","level":"error","timestamp":"2021-08-23T18:13:51.104Z"}
{"message":"Invalid details","level":"error","timestamp":"2021-08-23T18:13:51.128Z"}
{"message":"Invalid details","level":"error","timestamp":"2021-08-23T18:13:51.151Z"}
{"message":"Invalid details","level":"error","timestamp":"2021-08-23T18:13:51.173Z"}
{"message":"User not found","level":"error","timestamp":"2021-08-23T18:13:51.423Z"}
{"message":"User not found","level":"error","timestamp":"2021-08-23T18:13:51.562Z"}
{"message":"Some error occured","level":"error","timestamp":"2021-08-23T18:35:58.519Z"}
{"message":"Invalid details","level":"error","timestamp":"2021-08-23T18:35:58.623Z"}
{"message":"Invalid details","level":"error","timestamp":"2021-08-23T18:35:58.639Z"}
{"message":"Invalid details","level":"error","timestamp":"2021-08-23T18:35:58.653Z"}
{"message":"Invalid details","level":"error","timestamp":"2021-08-23T18:35:58.665Z"}
{"message":"User not found","level":"error","timestamp":"2021-08-23T18:35:58.878Z"}
{"message":"User not found","level":"error","timestamp":"2021-08-23T18:35:59.060Z"}
{"message":"Some error occured","level":"error","timestamp":"2021-08-23T18:38:31.366Z"}
{"message":"Invalid details","level":"error","timestamp":"2021-08-23T18:38:31.398Z"}
{"message":"Invalid details","level":"error","timestamp":"2021-08-23T18:38:31.408Z"}
{"message":"Invalid details","level":"error","timestamp":"2021-08-23T18:38:31.417Z"}
{"message":"Invalid details","level":"error","timestamp":"2021-08-23T18:38:31.426Z"}
{"message":"User not found","level":"error","timestamp":"2021-08-23T18:38:31.621Z"}
{"message":"User not found","level":"error","timestamp":"2021-08-23T18:38:31.758Z"}
{"message":"Invalid details","level":"error","timestamp":"2021-08-24T02:45:50.808Z"}
{"message":"Invalid details","level":"error","timestamp":"2021-08-24T02:45:50.848Z"}
{"message":"Invalid details","level":"error","timestamp":"2021-08-24T02:45:50.858Z"}
{"message":"Invalid details","level":"error","timestamp":"2021-08-24T02:45:50.866Z"}
{"message":"User not found","level":"error","timestamp":"2021-08-24T02:45:51.367Z"}
{"message":"User not found","level":"error","timestamp":"2021-08-24T02:45:51.548Z"}
{"message":"User not found","level":"error","timestamp":"2021-08-24T03:03:17.208Z"}
{"message":"Some error occured","level":"error","timestamp":"2021-08-24T03:04:11.158Z"}
{"message":"User not found","level":"error","timestamp":"2021-08-24T03:04:33.244Z"}
{"message":"Invalid details","level":"error","timestamp":"2021-08-24T04:08:33.614Z"}
{"message":"Invalid details","level":"error","timestamp":"2021-08-24T04:08:33.690Z"}
{"message":"Invalid details","level":"error","timestamp":"2021-08-24T04:08:33.726Z"}
{"message":"Invalid details","level":"error","timestamp":"2021-08-24T04:08:33.734Z"}
{"message":"User not found","level":"error","timestamp":"2021-08-24T04:08:34.028Z"}
{"message":"User not found","level":"error","timestamp":"2021-08-24T04:08:34.185Z"}
{"message":"Invalid details","level":"error","timestamp":"2021-08-24T04:15:57.191Z"}
{"message":"Invalid details","level":"error","timestamp":"2021-08-24T04:15:57.291Z"}
{"message":"Invalid details","level":"error","timestamp":"2021-08-24T04:15:57.336Z"}
{"message":"Invalid details","level":"error","timestamp":"2021-08-24T04:15:57.384Z"}
{"message":"User not found","level":"error","timestamp":"2021-08-24T04:15:57.672Z"}
{"message":"User not found","level":"error","timestamp":"2021-08-24T04:15:57.932Z"}
{"message":"Invalid details","level":"error","timestamp":"2021-08-24T04:22:09.416Z"}
{"message":"Invalid details","level":"error","timestamp":"2021-08-24T04:22:09.454Z"}
{"message":"Invalid details","level":"error","timestamp":"2021-08-24T04:22:09.475Z"}
{"message":"Invalid details","level":"error","timestamp":"2021-08-24T04:22:09.505Z"}
{"message":"User not found","level":"error","timestamp":"2021-08-24T04:22:09.774Z"}
{"message":"User not found","level":"error","timestamp":"2021-08-24T04:22:10.220Z"}
{"message":"Invalid details","level":"error","timestamp":"2021-08-24T04:27:20.414Z"}
{"message":"Invalid details","level":"error","timestamp":"2021-08-24T04:27:20.457Z"}
{"message":"Invalid details","level":"error","timestamp":"2021-08-24T04:27:20.468Z"}
{"message":"Invalid details","level":"error","timestamp":"2021-08-24T04:27:20.501Z"}
{"message":"User not found","level":"error","timestamp":"2021-08-24T04:27:20.975Z"}
{"message":"User not found","level":"error","timestamp":"2021-08-24T04:27:21.147Z"}
{"message":"Invalid details","level":"error","timestamp":"2021-08-24T04:29:40.922Z"}
{"message":"Invalid details","level":"error","timestamp":"2021-08-24T04:29:40.949Z"}
{"message":"Invalid details","level":"error","timestamp":"2021-08-24T04:29:40.959Z"}
{"message":"Invalid details","level":"error","timestamp":"2021-08-24T04:29:40.970Z"}
{"message":"User not found","level":"error","timestamp":"2021-08-24T04:29:41.154Z"}
{"message":"User not found","level":"error","timestamp":"2021-08-24T04:29:41.300Z"}
{"message":"Invalid details","level":"error","timestamp":"2021-08-24T04:31:03.962Z"}
{"message":"Invalid details","level":"error","timestamp":"2021-08-24T04:31:03.992Z"}
{"message":"Invalid details","level":"error","timestamp":"2021-08-24T04:31:04.000Z"}
{"message":"Invalid details","level":"error","timestamp":"2021-08-24T04:31:04.010Z"}
{"message":"User not found","level":"error","timestamp":"2021-08-24T04:31:04.187Z"}
{"message":"User not found","level":"error","timestamp":"2021-08-24T04:31:04.335Z"}
{"message":"Invalid details","level":"error","timestamp":"2021-08-24T04:31:40.342Z"}
{"message":"Invalid details","level":"error","timestamp":"2021-08-24T04:31:40.377Z"}
{"message":"Invalid details","level":"error","timestamp":"2021-08-24T04:31:40.389Z"}
{"message":"Invalid details","level":"error","timestamp":"2021-08-24T04:31:40.402Z"}
{"message":"User not found","level":"error","timestamp":"2021-08-24T04:31:40.627Z"}
{"message":"User not found","level":"error","timestamp":"2021-08-24T04:31:40.785Z"}
{"message":"Invalid details","level":"error","timestamp":"2021-08-24T04:38:04.965Z"}
{"message":"Invalid details","level":"error","timestamp":"2021-08-24T04:38:04.998Z"}
{"message":"Invalid details","level":"error","timestamp":"2021-08-24T04:38:05.013Z"}
{"message":"Invalid details","level":"error","timestamp":"2021-08-24T04:38:05.025Z"}
{"message":"User not found","level":"error","timestamp":"2021-08-24T04:38:05.217Z"}
{"message":"User not found","level":"error","timestamp":"2021-08-24T04:38:05.365Z"}
{"message":"Invalid details","level":"error","timestamp":"2021-08-24T04:38:52.085Z"}
{"message":"Invalid details","level":"error","timestamp":"2021-08-24T04:38:52.122Z"}
{"message":"Invalid details","level":"error","timestamp":"2021-08-24T04:38:52.140Z"}
{"message":"Invalid details","level":"error","timestamp":"2021-08-24T04:38:52.150Z"}
{"message":"User not found","level":"error","timestamp":"2021-08-24T04:38:52.370Z"}
{"message":"User not found","level":"error","timestamp":"2021-08-24T04:38:52.542Z"}
{"message":"Invalid details","level":"error","timestamp":"2021-08-24T04:40:02.490Z"}
{"message":"Invalid details","level":"error","timestamp":"2021-08-24T04:40:02.567Z"}
{"message":"Invalid details","level":"error","timestamp":"2021-08-24T04:40:02.591Z"}
{"message":"Invalid details","level":"error","timestamp":"2021-08-24T04:40:02.634Z"}
{"message":"User not found","level":"error","timestamp":"2021-08-24T04:40:02.869Z"}
{"message":"User not found","level":"error","timestamp":"2021-08-24T04:40:03.115Z"}
{"message":"Invalid details","level":"error","timestamp":"2021-08-24T04:43:40.620Z"}
{"message":"Invalid details","level":"error","timestamp":"2021-08-24T04:43:40.936Z"}
{"message":"Invalid details","level":"error","timestamp":"2021-08-24T04:43:40.993Z"}
{"message":"Invalid details","level":"error","timestamp":"2021-08-24T04:43:41.040Z"}
{"message":"User not found","level":"error","timestamp":"2021-08-24T04:43:41.273Z"}
{"message":"User not found","level":"error","timestamp":"2021-08-24T04:43:41.448Z"}
{"message":"Invalid details","level":"error","timestamp":"2021-08-24T04:46:33.074Z"}
{"message":"Invalid details","level":"error","timestamp":"2021-08-24T04:46:33.117Z"}
{"message":"Invalid details","level":"error","timestamp":"2021-08-24T04:46:33.138Z"}
{"message":"Invalid details","level":"error","timestamp":"2021-08-24T04:46:33.164Z"}
{"message":"User not found","level":"error","timestamp":"2021-08-24T04:46:33.368Z"}
{"message":"User not found","level":"error","timestamp":"2021-08-24T04:46:33.542Z"}
{"message":"Invalid details","level":"error","timestamp":"2021-08-24T04:47:41.303Z"}
{"message":"Invalid details","level":"error","timestamp":"2021-08-24T04:47:41.383Z"}
{"message":"Invalid details","level":"error","timestamp":"2021-08-24T04:47:41.422Z"}
{"message":"Invalid details","level":"error","timestamp":"2021-08-24T04:47:41.456Z"}
{"message":"User not found","level":"error","timestamp":"2021-08-24T04:47:41.766Z"}
{"message":"User not found","level":"error","timestamp":"2021-08-24T04:47:42.017Z"}
{"message":"Invalid details","level":"error","timestamp":"2021-08-24T04:48:41.370Z"}
{"message":"Invalid details","level":"error","timestamp":"2021-08-24T04:48:41.410Z"}
{"message":"Invalid details","level":"error","timestamp":"2021-08-24T04:48:41.446Z"}
{"message":"Invalid details","level":"error","timestamp":"2021-08-24T04:48:41.482Z"}
{"message":"User not found","level":"error","timestamp":"2021-08-24T04:48:41.731Z"}
{"message":"User not found","level":"error","timestamp":"2021-08-24T04:48:41.975Z"}
{"message":"Invalid details","level":"error","timestamp":"2021-08-24T04:50:09.699Z"}
{"message":"Invalid details","level":"error","timestamp":"2021-08-24T04:50:09.731Z"}
{"message":"Invalid details","level":"error","timestamp":"2021-08-24T04:50:09.741Z"}
{"message":"Invalid details","level":"error","timestamp":"2021-08-24T04:50:09.752Z"}
{"message":"User not found","level":"error","timestamp":"2021-08-24T04:50:09.970Z"}
{"message":"User not found","level":"error","timestamp":"2021-08-24T04:50:10.145Z"}
{"message":"Invalid details","level":"error","timestamp":"2021-08-24T04:54:06.276Z"}
{"message":"Invalid details","level":"error","timestamp":"2021-08-24T04:54:06.427Z"}
{"message":"Invalid details","level":"error","timestamp":"2021-08-24T04:54:06.436Z"}
{"message":"Invalid details","level":"error","timestamp":"2021-08-24T04:54:06.445Z"}
{"message":"User not found","level":"error","timestamp":"2021-08-24T04:54:06.671Z"}
{"message":"User not found","level":"error","timestamp":"2021-08-24T04:54:06.818Z"}
{"message":"Invalid details","level":"error","timestamp":"2021-08-24T04:54:50.867Z"}
{"message":"Invalid details","level":"error","timestamp":"2021-08-24T04:54:50.944Z"}
{"message":"Invalid details","level":"error","timestamp":"2021-08-24T04:54:50.974Z"}
{"message":"Invalid details","level":"error","timestamp":"2021-08-24T04:54:51.014Z"}
{"message":"User not found","level":"error","timestamp":"2021-08-24T04:54:51.289Z"}
{"message":"User not found","level":"error","timestamp":"2021-08-24T04:54:51.721Z"}
{"message":"Invalid details","level":"error","timestamp":"2021-08-24T04:56:02.875Z"}
{"message":"Invalid details","level":"error","timestamp":"2021-08-24T04:56:02.914Z"}
{"message":"Invalid details","level":"error","timestamp":"2021-08-24T04:56:02.942Z"}
{"message":"Invalid details","level":"error","timestamp":"2021-08-24T04:56:02.976Z"}
{"message":"User not found","level":"error","timestamp":"2021-08-24T04:56:03.231Z"}
{"message":"User not found","level":"error","timestamp":"2021-08-24T04:56:03.434Z"}
{"message":"Invalid details","level":"error","timestamp":"2021-08-24T04:58:38.058Z"}
{"message":"Invalid details","level":"error","timestamp":"2021-08-24T04:58:38.112Z"}
{"message":"Invalid details","level":"error","timestamp":"2021-08-24T04:58:38.144Z"}
{"message":"Invalid details","level":"error","timestamp":"2021-08-24T04:58:38.181Z"}
{"message":"User not found","level":"error","timestamp":"2021-08-24T04:58:38.437Z"}
{"message":"User not found","level":"error","timestamp":"2021-08-24T04:58:38.651Z"}
{"message":"Invalid details","level":"error","timestamp":"2021-08-24T05:00:21.364Z"}
{"message":"Invalid details","level":"error","timestamp":"2021-08-24T05:00:21.656Z"}
{"message":"Invalid details","level":"error","timestamp":"2021-08-24T05:00:21.680Z"}
{"message":"Invalid details","level":"error","timestamp":"2021-08-24T05:00:21.711Z"}
{"message":"User not found","level":"error","timestamp":"2021-08-24T05:00:21.964Z"}
{"message":"User not found","level":"error","timestamp":"2021-08-24T05:00:22.137Z"}
{"message":"Invalid details","level":"error","timestamp":"2021-08-24T06:20:21.916Z"}
{"message":"Invalid details","level":"error","timestamp":"2021-08-24T06:20:21.963Z"}
{"message":"Invalid details","level":"error","timestamp":"2021-08-24T06:20:21.981Z"}
{"message":"Invalid details","level":"error","timestamp":"2021-08-24T06:20:22.009Z"}
{"message":"User not found","level":"error","timestamp":"2021-08-24T06:20:22.207Z"}
{"message":"User not found","level":"error","timestamp":"2021-08-24T06:20:22.377Z"}
{"message":"Invalid details","level":"error","timestamp":"2021-08-24T06:20:41.453Z"}
{"message":"Invalid details","level":"error","timestamp":"2021-08-24T06:20:41.485Z"}
{"message":"Invalid details","level":"error","timestamp":"2021-08-24T06:20:41.495Z"}
{"message":"Invalid details","level":"error","timestamp":"2021-08-24T06:20:41.503Z"}
{"message":"User not found","level":"error","timestamp":"2021-08-24T06:20:41.682Z"}
{"message":"User not found","level":"error","timestamp":"2021-08-24T06:20:41.834Z"}
{"message":"Invalid details","level":"error","timestamp":"2021-08-24T06:34:22.952Z"}
{"message":"Invalid details","level":"error","timestamp":"2021-08-24T06:34:22.984Z"}
{"message":"Invalid details","level":"error","timestamp":"2021-08-24T06:34:22.994Z"}
{"message":"Invalid details","level":"error","timestamp":"2021-08-24T06:34:23.004Z"}
{"message":"User not found","level":"error","timestamp":"2021-08-24T06:34:23.170Z"}
{"message":"User not found","level":"error","timestamp":"2021-08-24T06:34:23.309Z"}
{"message":"Invalid details","level":"error","timestamp":"2021-08-24T06:39:13.721Z"}
{"message":"Invalid details","level":"error","timestamp":"2021-08-24T06:39:13.754Z"}
{"message":"Invalid details","level":"error","timestamp":"2021-08-24T06:39:13.766Z"}
{"message":"Invalid details","level":"error","timestamp":"2021-08-24T06:39:13.776Z"}
{"message":"User not found","level":"error","timestamp":"2021-08-24T06:39:13.936Z"}
{"message":"User not found","level":"error","timestamp":"2021-08-24T06:39:14.112Z"}
{"message":"Invalid details","level":"error","timestamp":"2021-08-24T06:42:13.066Z"}
{"message":"Invalid details","level":"error","timestamp":"2021-08-24T06:42:13.106Z"}
{"message":"Invalid details","level":"error","timestamp":"2021-08-24T06:42:13.115Z"}
{"message":"Invalid details","level":"error","timestamp":"2021-08-24T06:42:13.125Z"}
{"message":"User not found","level":"error","timestamp":"2021-08-24T06:42:13.298Z"}
{"message":"User not found","level":"error","timestamp":"2021-08-24T06:42:13.437Z"}
{"message":"Invalid details","level":"error","timestamp":"2021-08-24T06:44:31.074Z"}
{"message":"Invalid details","level":"error","timestamp":"2021-08-24T06:44:31.103Z"}
{"message":"Invalid details","level":"error","timestamp":"2021-08-24T06:44:31.112Z"}
{"message":"Invalid details","level":"error","timestamp":"2021-08-24T06:44:31.121Z"}
{"message":"User not found","level":"error","timestamp":"2021-08-24T06:44:31.286Z"}
{"message":"User not found","level":"error","timestamp":"2021-08-24T06:44:31.423Z"}
{"message":"Invalid details","level":"error","timestamp":"2021-08-24T09:17:19.271Z"}
{"message":"Invalid details","level":"error","timestamp":"2021-08-24T09:17:19.306Z"}
{"message":"Invalid details","level":"error","timestamp":"2021-08-24T09:17:19.314Z"}
{"message":"Invalid details","level":"error","timestamp":"2021-08-24T09:17:19.324Z"}
{"message":"User not found","level":"error","timestamp":"2021-08-24T09:17:19.502Z"}
{"message":"User not found","level":"error","timestamp":"2021-08-24T09:17:19.696Z"}
{"message":"Invalid details","level":"error","timestamp":"2021-08-24T09:17:56.595Z"}
{"message":"Invalid details","level":"error","timestamp":"2021-08-24T09:17:56.625Z"}
{"message":"Invalid details","level":"error","timestamp":"2021-08-24T09:17:56.632Z"}
{"message":"Invalid details","level":"error","timestamp":"2021-08-24T09:17:56.642Z"}
{"message":"User not found","level":"error","timestamp":"2021-08-24T09:17:57.089Z"}
{"message":"User not found","level":"error","timestamp":"2021-08-24T09:17:57.269Z"}
{"message":"Invalid details","level":"error","timestamp":"2021-08-24T09:21:25.921Z"}
{"message":"Invalid details","level":"error","timestamp":"2021-08-24T09:21:25.968Z"}
{"message":"Invalid details","level":"error","timestamp":"2021-08-24T09:21:25.978Z"}
{"message":"Invalid details","level":"error","timestamp":"2021-08-24T09:21:25.990Z"}
{"message":"User not found","level":"error","timestamp":"2021-08-24T09:21:26.169Z"}
{"message":"User not found","level":"error","timestamp":"2021-08-24T09:21:26.313Z"}
{"message":"Invalid details","level":"error","timestamp":"2021-08-24T09:25:46.537Z"}
{"message":"Invalid details","level":"error","timestamp":"2021-08-24T09:25:46.572Z"}
{"message":"Invalid details","level":"error","timestamp":"2021-08-24T09:25:46.581Z"}
{"message":"Invalid details","level":"error","timestamp":"2021-08-24T09:25:46.592Z"}
{"message":"User not found","level":"error","timestamp":"2021-08-24T09:25:46.761Z"}
{"message":"User not found","level":"error","timestamp":"2021-08-24T09:25:46.898Z"}
{"message":"Invalid details","level":"error","timestamp":"2021-08-24T09:27:14.021Z"}
{"message":"Invalid details","level":"error","timestamp":"2021-08-24T09:27:14.059Z"}
{"message":"Invalid details","level":"error","timestamp":"2021-08-24T09:27:14.069Z"}
{"message":"Invalid details","level":"error","timestamp":"2021-08-24T09:27:14.079Z"}
{"message":"User not found","level":"error","timestamp":"2021-08-24T09:27:14.245Z"}
{"message":"User not found","level":"error","timestamp":"2021-08-24T09:27:14.383Z"}
{"message":"Invalid details","level":"error","timestamp":"2021-08-24T09:37:22.809Z"}
{"message":"Invalid details","level":"error","timestamp":"2021-08-24T09:37:22.865Z"}
{"message":"Invalid details","level":"error","timestamp":"2021-08-24T09:37:22.891Z"}
{"message":"Invalid details","level":"error","timestamp":"2021-08-24T09:37:22.933Z"}
{"message":"User not found","level":"error","timestamp":"2021-08-24T09:37:23.163Z"}
{"message":"User not found","level":"error","timestamp":"2021-08-24T09:37:23.319Z"}
{"message":"Some error occured","level":"error","timestamp":"2021-08-24T09:39:33.541Z"}
{"message":"Invalid details","level":"error","timestamp":"2021-08-24T09:41:27.191Z"}
{"message":"Invalid details","level":"error","timestamp":"2021-08-24T09:41:27.246Z"}
{"message":"Invalid details","level":"error","timestamp":"2021-08-24T09:41:27.267Z"}
{"message":"Invalid details","level":"error","timestamp":"2021-08-24T09:41:27.280Z"}
{"message":"User not found","level":"error","timestamp":"2021-08-24T09:41:27.469Z"}
{"message":"User not found","level":"error","timestamp":"2021-08-24T09:41:27.620Z"}
{"message":"Invalid details","level":"error","timestamp":"2021-08-24T09:43:04.470Z"}
{"message":"Invalid details","level":"error","timestamp":"2021-08-24T09:43:04.506Z"}
{"message":"Invalid details","level":"error","timestamp":"2021-08-24T09:43:04.516Z"}
{"message":"Invalid details","level":"error","timestamp":"2021-08-24T09:43:04.524Z"}
{"message":"User not found","level":"error","timestamp":"2021-08-24T09:43:04.735Z"}
{"message":"User not found","level":"error","timestamp":"2021-08-24T09:43:04.883Z"}
{"message":"Invalid details","level":"error","timestamp":"2021-08-24T09:43:41.164Z"}
{"message":"Invalid details","level":"error","timestamp":"2021-08-24T09:43:41.195Z"}
{"message":"Invalid details","level":"error","timestamp":"2021-08-24T09:43:41.205Z"}
{"message":"Invalid details","level":"error","timestamp":"2021-08-24T09:43:41.219Z"}
{"message":"User not found","level":"error","timestamp":"2021-08-24T09:43:41.483Z"}
{"message":"User not found","level":"error","timestamp":"2021-08-24T09:43:41.642Z"}
{"message":"Invalid details","level":"error","timestamp":"2021-08-24T09:45:43.852Z"}
{"message":"Invalid details","level":"error","timestamp":"2021-08-24T09:45:43.886Z"}
{"message":"Invalid details","level":"error","timestamp":"2021-08-24T09:45:43.912Z"}
{"message":"Invalid details","level":"error","timestamp":"2021-08-24T09:45:43.954Z"}
{"message":"User not found","level":"error","timestamp":"2021-08-24T09:45:44.238Z"}
{"message":"User not found","level":"error","timestamp":"2021-08-24T09:45:44.391Z"}
{"message":"Invalid details","level":"error","timestamp":"2021-08-24T09:49:07.303Z"}
{"message":"Invalid details","level":"error","timestamp":"2021-08-24T09:49:07.347Z"}
{"message":"Invalid details","level":"error","timestamp":"2021-08-24T09:49:07.355Z"}
{"message":"Invalid details","level":"error","timestamp":"2021-08-24T09:49:07.366Z"}
{"message":"User not found","level":"error","timestamp":"2021-08-24T09:49:07.600Z"}
{"message":"User not found","level":"error","timestamp":"2021-08-24T09:49:07.783Z"}
{"message":"Invalid details","level":"error","timestamp":"2021-08-24T10:08:11.788Z"}
{"message":"Invalid details","level":"error","timestamp":"2021-08-24T10:08:11.818Z"}
{"message":"Invalid details","level":"error","timestamp":"2021-08-24T10:08:11.833Z"}
{"message":"Invalid details","level":"error","timestamp":"2021-08-24T10:08:11.843Z"}
{"message":"User not found","level":"error","timestamp":"2021-08-24T10:08:12.007Z"}
{"message":"User not found","level":"error","timestamp":"2021-08-24T10:08:12.173Z"}
{"message":"Invalid details","level":"error","timestamp":"2021-08-24T10:09:31.599Z"}
{"message":"Invalid details","level":"error","timestamp":"2021-08-24T10:09:31.628Z"}
{"message":"Invalid details","level":"error","timestamp":"2021-08-24T10:09:31.637Z"}
{"message":"Invalid details","level":"error","timestamp":"2021-08-24T10:09:31.646Z"}
{"message":"User not found","level":"error","timestamp":"2021-08-24T10:09:31.835Z"}
{"message":"User not found","level":"error","timestamp":"2021-08-24T10:09:31.970Z"}
{"message":"Invalid details","level":"error","timestamp":"2021-08-24T10:17:05.899Z"}
{"message":"Invalid details","level":"error","timestamp":"2021-08-24T10:17:05.937Z"}
{"message":"Invalid details","level":"error","timestamp":"2021-08-24T10:17:05.947Z"}
{"message":"Invalid details","level":"error","timestamp":"2021-08-24T10:17:05.956Z"}
{"message":"User not found","level":"error","timestamp":"2021-08-24T10:17:06.128Z"}
{"message":"User not found","level":"error","timestamp":"2021-08-24T10:17:06.290Z"}
{"message":"Invalid details","level":"error","timestamp":"2021-08-24T10:18:32.350Z"}
{"message":"Invalid details","level":"error","timestamp":"2021-08-24T10:18:32.383Z"}
{"message":"Invalid details","level":"error","timestamp":"2021-08-24T10:18:32.394Z"}
{"message":"Invalid details","level":"error","timestamp":"2021-08-24T10:18:32.404Z"}
{"message":"User not found","level":"error","timestamp":"2021-08-24T10:18:32.573Z"}
{"message":"User not found","level":"error","timestamp":"2021-08-24T10:18:32.744Z"}
{"message":"Invalid details","level":"error","timestamp":"2021-08-24T10:19:10.802Z"}
{"message":"Invalid details","level":"error","timestamp":"2021-08-24T10:19:10.836Z"}
{"message":"Invalid details","level":"error","timestamp":"2021-08-24T10:19:10.845Z"}
{"message":"Invalid details","level":"error","timestamp":"2021-08-24T10:19:10.855Z"}
{"message":"User not found","level":"error","timestamp":"2021-08-24T10:19:11.066Z"}
{"message":"User not found","level":"error","timestamp":"2021-08-24T10:19:11.205Z"}
{"message":"Invalid details","level":"error","timestamp":"2021-08-24T10:19:56.363Z"}
{"message":"Invalid details","level":"error","timestamp":"2021-08-24T10:19:56.393Z"}
{"message":"Invalid details","level":"error","timestamp":"2021-08-24T10:19:56.404Z"}
{"message":"Invalid details","level":"error","timestamp":"2021-08-24T10:19:56.415Z"}
{"message":"User not found","level":"error","timestamp":"2021-08-24T10:19:56.606Z"}
{"message":"User not found","level":"error","timestamp":"2021-08-24T10:19:56.741Z"}
{"message":"Invalid details","level":"error","timestamp":"2021-08-24T10:21:40.692Z"}
{"message":"Invalid details","level":"error","timestamp":"2021-08-24T10:21:40.717Z"}
{"message":"Invalid details","level":"error","timestamp":"2021-08-24T10:21:40.725Z"}
{"message":"Invalid details","level":"error","timestamp":"2021-08-24T10:21:40.733Z"}
{"message":"User not found","level":"error","timestamp":"2021-08-24T10:21:40.922Z"}
{"message":"User not found","level":"error","timestamp":"2021-08-24T10:21:41.059Z"}
{"message":"Invalid details","level":"error","timestamp":"2021-08-24T10:22:13.269Z"}
{"message":"Invalid details","level":"error","timestamp":"2021-08-24T10:22:13.296Z"}
{"message":"Invalid details","level":"error","timestamp":"2021-08-24T10:22:13.305Z"}
{"message":"Invalid details","level":"error","timestamp":"2021-08-24T10:22:13.313Z"}
{"message":"User not found","level":"error","timestamp":"2021-08-24T10:22:13.514Z"}
{"message":"User not found","level":"error","timestamp":"2021-08-24T10:22:13.649Z"}
{"message":"Invalid details","level":"error","timestamp":"2021-08-24T10:22:44.606Z"}
{"message":"Invalid details","level":"error","timestamp":"2021-08-24T10:22:44.637Z"}
{"message":"Invalid details","level":"error","timestamp":"2021-08-24T10:22:44.644Z"}
{"message":"Invalid details","level":"error","timestamp":"2021-08-24T10:22:44.651Z"}
{"message":"User not found","level":"error","timestamp":"2021-08-24T10:22:44.811Z"}
{"message":"User not found","level":"error","timestamp":"2021-08-24T10:22:44.984Z"}
{"message":"Invalid details","level":"error","timestamp":"2021-08-24T10:23:23.365Z"}
{"message":"Invalid details","level":"error","timestamp":"2021-08-24T10:23:23.394Z"}
{"message":"Invalid details","level":"error","timestamp":"2021-08-24T10:23:23.403Z"}
{"message":"Invalid details","level":"error","timestamp":"2021-08-24T10:23:23.413Z"}
{"message":"User not found","level":"error","timestamp":"2021-08-24T10:23:23.579Z"}
{"message":"User not found","level":"error","timestamp":"2021-08-24T10:23:23.756Z"}
{"message":"Invalid details","level":"error","timestamp":"2021-08-24T10:25:04.477Z"}
{"message":"Invalid details","level":"error","timestamp":"2021-08-24T10:25:04.511Z"}
{"message":"Invalid details","level":"error","timestamp":"2021-08-24T10:25:04.519Z"}
{"message":"Invalid details","level":"error","timestamp":"2021-08-24T10:25:04.527Z"}
{"message":"User not found","level":"error","timestamp":"2021-08-24T10:25:04.692Z"}
{"message":"User not found","level":"error","timestamp":"2021-08-24T10:25:04.864Z"}
{"message":"Invalid details","level":"error","timestamp":"2021-08-24T10:25:25.142Z"}
{"message":"Invalid details","level":"error","timestamp":"2021-08-24T10:25:25.171Z"}
{"message":"Invalid details","level":"error","timestamp":"2021-08-24T10:25:25.182Z"}
{"message":"Invalid details","level":"error","timestamp":"2021-08-24T10:25:25.191Z"}
{"message":"User not found","level":"error","timestamp":"2021-08-24T10:25:25.350Z"}
{"message":"User not found","level":"error","timestamp":"2021-08-24T10:25:25.512Z"}
{"message":"Invalid details","level":"error","timestamp":"2021-08-24T10:27:44.654Z"}
{"message":"Invalid details","level":"error","timestamp":"2021-08-24T10:27:44.689Z"}
{"message":"Invalid details","level":"error","timestamp":"2021-08-24T10:27:44.706Z"}
{"message":"Invalid details","level":"error","timestamp":"2021-08-24T10:27:44.716Z"}
{"message":"User not found","level":"error","timestamp":"2021-08-24T10:27:44.886Z"}
{"message":"User not found","level":"error","timestamp":"2021-08-24T10:27:45.027Z"}
{"message":"Invalid details","level":"error","timestamp":"2021-08-24T10:31:24.155Z"}
{"message":"Invalid details","level":"error","timestamp":"2021-08-24T10:31:24.183Z"}
{"message":"Invalid details","level":"error","timestamp":"2021-08-24T10:31:24.193Z"}
{"message":"Invalid details","level":"error","timestamp":"2021-08-24T10:31:24.201Z"}
{"message":"User not found","level":"error","timestamp":"2021-08-24T10:31:24.390Z"}
{"message":"User not found","level":"error","timestamp":"2021-08-24T10:31:24.526Z"}
{"message":"Invalid details","level":"error","timestamp":"2021-08-24T11:12:36.057Z"}
{"message":"Invalid details","level":"error","timestamp":"2021-08-24T11:12:36.123Z"}
{"message":"Invalid details","level":"error","timestamp":"2021-08-24T11:12:36.151Z"}
{"message":"Invalid details","level":"error","timestamp":"2021-08-24T11:12:36.175Z"}
{"message":"User not found","level":"error","timestamp":"2021-08-24T11:12:36.659Z"}
{"message":"User not found","level":"error","timestamp":"2021-08-24T11:12:36.964Z"}
{"message":"Invalid details","level":"error","timestamp":"2021-08-24T14:04:30.959Z"}
{"message":"Invalid details","level":"error","timestamp":"2021-08-24T14:04:31.167Z"}
{"message":"Invalid details","level":"error","timestamp":"2021-08-24T14:04:31.199Z"}
{"message":"Invalid details","level":"error","timestamp":"2021-08-24T14:04:31.217Z"}
{"message":"User not found","level":"error","timestamp":"2021-08-24T14:04:31.688Z"}
{"message":"User not found","level":"error","timestamp":"2021-08-24T14:04:32.015Z"}
{"message":"Invalid details","level":"error","timestamp":"2021-08-24T14:05:40.632Z"}
{"message":"Invalid details","level":"error","timestamp":"2021-08-24T14:05:40.712Z"}
{"message":"Invalid details","level":"error","timestamp":"2021-08-24T14:05:40.733Z"}
{"message":"Invalid details","level":"error","timestamp":"2021-08-24T14:05:40.757Z"}
{"message":"User not found","level":"error","timestamp":"2021-08-24T14:05:41.192Z"}
{"message":"User not found","level":"error","timestamp":"2021-08-24T14:05:41.502Z"}
{"message":"Invalid details","level":"error","timestamp":"2021-08-24T14:06:19.616Z"}
{"message":"Invalid details","level":"error","timestamp":"2021-08-24T14:06:19.687Z"}
{"message":"Invalid details","level":"error","timestamp":"2021-08-24T14:06:19.711Z"}
{"message":"Invalid details","level":"error","timestamp":"2021-08-24T14:06:19.729Z"}
{"message":"User not found","level":"error","timestamp":"2021-08-24T14:06:20.188Z"}
{"message":"User not found","level":"error","timestamp":"2021-08-24T14:06:20.501Z"}
{"message":"Invalid details","level":"error","timestamp":"2021-08-24T14:14:31.377Z"}
{"message":"Invalid details","level":"error","timestamp":"2021-08-24T14:14:31.446Z"}
{"message":"Invalid details","level":"error","timestamp":"2021-08-24T14:14:31.470Z"}
{"message":"Invalid details","level":"error","timestamp":"2021-08-24T14:14:31.493Z"}
{"message":"User not found","level":"error","timestamp":"2021-08-24T14:14:31.879Z"}
{"message":"User not found","level":"error","timestamp":"2021-08-24T14:14:32.190Z"}
{"message":"Invalid details","level":"error","timestamp":"2021-08-24T14:16:34.622Z"}
{"message":"Invalid details","level":"error","timestamp":"2021-08-24T14:16:34.695Z"}
{"message":"Invalid details","level":"error","timestamp":"2021-08-24T14:16:34.714Z"}
{"message":"Invalid details","level":"error","timestamp":"2021-08-24T14:16:34.732Z"}
{"message":"User not found","level":"error","timestamp":"2021-08-24T14:16:35.109Z"}
{"message":"User not found","level":"error","timestamp":"2021-08-24T14:16:35.423Z"}
{"message":"Invalid details","level":"error","timestamp":"2021-08-24T17:50:19.560Z"}
{"message":"Invalid details","level":"error","timestamp":"2021-08-24T17:50:19.623Z"}
{"message":"Invalid details","level":"error","timestamp":"2021-08-24T17:50:19.642Z"}
{"message":"Invalid details","level":"error","timestamp":"2021-08-24T17:50:19.659Z"}
{"message":"User not found","level":"error","timestamp":"2021-08-24T17:50:20.544Z"}
{"message":"User not found","level":"error","timestamp":"2021-08-24T17:50:20.869Z"}
{"message":"Invalid details","level":"error","timestamp":"2021-08-24T17:52:55.196Z"}
{"message":"Invalid details","level":"error","timestamp":"2021-08-24T17:52:55.260Z"}
{"message":"Invalid details","level":"error","timestamp":"2021-08-24T17:52:55.278Z"}
{"message":"Invalid details","level":"error","timestamp":"2021-08-24T17:52:55.303Z"}
{"message":"User not found","level":"error","timestamp":"2021-08-24T17:52:55.750Z"}
{"message":"User not found","level":"error","timestamp":"2021-08-24T17:52:56.059Z"}
{"message":"Invalid details","level":"error","timestamp":"2021-08-24T17:53:40.314Z"}
{"message":"Invalid details","level":"error","timestamp":"2021-08-24T17:53:40.376Z"}
{"message":"Invalid details","level":"error","timestamp":"2021-08-24T17:53:40.395Z"}
{"message":"Invalid details","level":"error","timestamp":"2021-08-24T17:53:40.413Z"}
{"message":"User not found","level":"error","timestamp":"2021-08-24T17:53:40.852Z"}
{"message":"User not found","level":"error","timestamp":"2021-08-24T17:53:41.164Z"}
{"message":"Invalid details","level":"error","timestamp":"2021-08-24T17:55:44.836Z"}
{"message":"Invalid details","level":"error","timestamp":"2021-08-24T17:55:44.951Z"}
{"message":"Invalid details","level":"error","timestamp":"2021-08-24T17:55:44.970Z"}
{"message":"Invalid details","level":"error","timestamp":"2021-08-24T17:55:44.989Z"}
{"message":"User not found","level":"error","timestamp":"2021-08-24T17:55:45.442Z"}
{"message":"User not found","level":"error","timestamp":"2021-08-24T17:55:45.753Z"}
{"message":"Invalid details","level":"error","timestamp":"2021-08-24T17:56:34.894Z"}
{"message":"Invalid details","level":"error","timestamp":"2021-08-24T17:56:34.955Z"}
{"message":"Invalid details","level":"error","timestamp":"2021-08-24T17:56:34.976Z"}
{"message":"Invalid details","level":"error","timestamp":"2021-08-24T17:56:34.993Z"}
{"message":"User not found","level":"error","timestamp":"2021-08-24T17:56:35.428Z"}
{"message":"User not found","level":"error","timestamp":"2021-08-24T17:56:35.736Z"}
{"message":"Invalid details","level":"error","timestamp":"2021-08-24T18:02:56.323Z"}
{"message":"Invalid details","level":"error","timestamp":"2021-08-24T18:02:56.384Z"}
{"message":"Invalid details","level":"error","timestamp":"2021-08-24T18:02:56.402Z"}
{"message":"Invalid details","level":"error","timestamp":"2021-08-24T18:02:56.419Z"}
{"message":"User not found","level":"error","timestamp":"2021-08-24T18:02:56.837Z"}
{"message":"User not found","level":"error","timestamp":"2021-08-24T18:02:57.140Z"}
{"message":"Invalid details","level":"error","timestamp":"2021-08-24T18:09:59.287Z"}
{"message":"Invalid details","level":"error","timestamp":"2021-08-24T18:09:59.346Z"}
{"message":"Invalid details","level":"error","timestamp":"2021-08-24T18:09:59.375Z"}
{"message":"Invalid details","level":"error","timestamp":"2021-08-24T18:09:59.391Z"}
{"message":"User not found","level":"error","timestamp":"2021-08-24T18:09:59.838Z"}
{"message":"User not found","level":"error","timestamp":"2021-08-24T18:10:00.145Z"}
{"message":"Invalid details","level":"error","timestamp":"2021-08-24T18:11:19.801Z"}
{"message":"Invalid details","level":"error","timestamp":"2021-08-24T18:11:19.885Z"}
{"message":"Invalid details","level":"error","timestamp":"2021-08-24T18:11:19.906Z"}
{"message":"Invalid details","level":"error","timestamp":"2021-08-24T18:11:19.930Z"}
{"message":"User not found","level":"error","timestamp":"2021-08-24T18:11:20.316Z"}
{"message":"User not found","level":"error","timestamp":"2021-08-24T18:11:20.634Z"}
{"message":"Invalid details","level":"error","timestamp":"2021-08-24T18:14:27.018Z"}
{"message":"Invalid details","level":"error","timestamp":"2021-08-24T18:14:27.083Z"}
{"message":"Invalid details","level":"error","timestamp":"2021-08-24T18:14:27.102Z"}
{"message":"Invalid details","level":"error","timestamp":"2021-08-24T18:14:27.122Z"}
{"message":"User not found","level":"error","timestamp":"2021-08-24T18:14:27.582Z"}
{"message":"User not found","level":"error","timestamp":"2021-08-24T18:14:27.906Z"}
{"message":"Invalid details","level":"error","timestamp":"2021-08-24T18:16:05.442Z"}
{"message":"Invalid details","level":"error","timestamp":"2021-08-24T18:16:05.500Z"}
{"message":"Invalid details","level":"error","timestamp":"2021-08-24T18:16:05.522Z"}
{"message":"Invalid details","level":"error","timestamp":"2021-08-24T18:16:05.546Z"}
{"message":"User not found","level":"error","timestamp":"2021-08-24T18:16:05.975Z"}
{"message":"User not found","level":"error","timestamp":"2021-08-24T18:16:06.280Z"}
{"message":"Invalid details","level":"error","timestamp":"2021-08-24T18:21:25.971Z"}
{"message":"Invalid details","level":"error","timestamp":"2021-08-24T18:21:26.026Z"}
{"message":"Invalid details","level":"error","timestamp":"2021-08-24T18:21:26.047Z"}
{"message":"Invalid details","level":"error","timestamp":"2021-08-24T18:21:26.064Z"}
{"message":"User not found","level":"error","timestamp":"2021-08-24T18:21:26.795Z"}
{"message":"User not found","level":"error","timestamp":"2021-08-24T18:21:27.228Z"}
{"message":"Invalid details","level":"error","timestamp":"2021-08-24T18:25:47.283Z"}
{"message":"Invalid details","level":"error","timestamp":"2021-08-24T18:25:47.343Z"}
{"message":"Invalid details","level":"error","timestamp":"2021-08-24T18:25:47.360Z"}
{"message":"Invalid details","level":"error","timestamp":"2021-08-24T18:25:47.377Z"}
{"message":"User not found","level":"error","timestamp":"2021-08-24T18:25:47.742Z"}
{"message":"User not found","level":"error","timestamp":"2021-08-24T18:25:48.046Z"}
{"message":"Invalid details","level":"error","timestamp":"2021-08-24T18:26:28.282Z"}
{"message":"Invalid details","level":"error","timestamp":"2021-08-24T18:26:28.358Z"}
{"message":"Invalid details","level":"error","timestamp":"2021-08-24T18:26:28.379Z"}
{"message":"Invalid details","level":"error","timestamp":"2021-08-24T18:26:28.403Z"}
{"message":"User not found","level":"error","timestamp":"2021-08-24T18:26:28.835Z"}
{"message":"User not found","level":"error","timestamp":"2021-08-24T18:26:29.135Z"}
{"message":"Invalid details","level":"error","timestamp":"2021-08-24T18:26:58.229Z"}
{"message":"Invalid details","level":"error","timestamp":"2021-08-24T18:26:58.289Z"}
{"message":"Invalid details","level":"error","timestamp":"2021-08-24T18:26:58.308Z"}
{"message":"Invalid details","level":"error","timestamp":"2021-08-24T18:26:58.329Z"}
{"message":"User not found","level":"error","timestamp":"2021-08-24T18:26:58.804Z"}
{"message":"User not found","level":"error","timestamp":"2021-08-24T18:26:59.111Z"}
{"message":"Invalid details","level":"error","timestamp":"2021-08-24T18:30:10.224Z"}
{"message":"Invalid details","level":"error","timestamp":"2021-08-24T18:30:10.278Z"}
{"message":"Invalid details","level":"error","timestamp":"2021-08-24T18:30:10.296Z"}
{"message":"Invalid details","level":"error","timestamp":"2021-08-24T18:30:10.318Z"}
{"message":"User not found","level":"error","timestamp":"2021-08-24T18:30:10.737Z"}
{"message":"User not found","level":"error","timestamp":"2021-08-24T18:30:11.043Z"}
{"message":"Invalid details","level":"error","timestamp":"2021-08-24T18:31:30.414Z"}
{"message":"Invalid details","level":"error","timestamp":"2021-08-24T18:31:30.569Z"}
{"message":"Invalid details","level":"error","timestamp":"2021-08-24T18:31:30.591Z"}
{"message":"Invalid details","level":"error","timestamp":"2021-08-24T18:31:30.617Z"}
{"message":"User not found","level":"error","timestamp":"2021-08-24T18:31:31.001Z"}
{"message":"User not found","level":"error","timestamp":"2021-08-24T18:31:31.308Z"}
{"message":"Invalid details","level":"error","timestamp":"2021-08-24T18:34:28.222Z"}
{"message":"Invalid details","level":"error","timestamp":"2021-08-24T18:34:28.297Z"}
{"message":"Invalid details","level":"error","timestamp":"2021-08-24T18:34:28.327Z"}
{"message":"Invalid details","level":"error","timestamp":"2021-08-24T18:34:28.351Z"}
{"message":"User not found","level":"error","timestamp":"2021-08-24T18:34:28.824Z"}
{"message":"User not found","level":"error","timestamp":"2021-08-24T18:34:29.141Z"}
{"message":"Invalid details","level":"error","timestamp":"2021-08-24T18:37:00.619Z"}
{"message":"Invalid details","level":"error","timestamp":"2021-08-24T18:37:00.694Z"}
{"message":"Invalid details","level":"error","timestamp":"2021-08-24T18:37:00.725Z"}
{"message":"Invalid details","level":"error","timestamp":"2021-08-24T18:37:00.753Z"}
{"message":"User not found","level":"error","timestamp":"2021-08-24T18:37:01.250Z"}
{"message":"User not found","level":"error","timestamp":"2021-08-24T18:37:01.565Z"}
{"message":"Invalid details","level":"error","timestamp":"2021-08-24T18:39:28.726Z"}
{"message":"Invalid details","level":"error","timestamp":"2021-08-24T18:39:28.786Z"}
{"message":"Invalid details","level":"error","timestamp":"2021-08-24T18:39:28.814Z"}
{"message":"Invalid details","level":"error","timestamp":"2021-08-24T18:39:28.840Z"}
{"message":"User not found","level":"error","timestamp":"2021-08-24T18:39:29.295Z"}
{"message":"User not found","level":"error","timestamp":"2021-08-24T18:39:29.596Z"}
{"message":"Invalid details","level":"error","timestamp":"2021-08-24T18:41:09.407Z"}
{"message":"Invalid details","level":"error","timestamp":"2021-08-24T18:41:09.467Z"}
{"message":"Invalid details","level":"error","timestamp":"2021-08-24T18:41:09.484Z"}
{"message":"Invalid details","level":"error","timestamp":"2021-08-24T18:41:09.501Z"}
{"message":"User not found","level":"error","timestamp":"2021-08-24T18:41:09.935Z"}
{"message":"User not found","level":"error","timestamp":"2021-08-24T18:41:10.244Z"}
{"message":"Invalid details","level":"error","timestamp":"2021-08-24T18:42:03.279Z"}
{"message":"Invalid details","level":"error","timestamp":"2021-08-24T18:42:03.344Z"}
{"message":"Invalid details","level":"error","timestamp":"2021-08-24T18:42:03.361Z"}
{"message":"Invalid details","level":"error","timestamp":"2021-08-24T18:42:03.381Z"}
{"message":"User not found","level":"error","timestamp":"2021-08-24T18:42:03.810Z"}
{"message":"User not found","level":"error","timestamp":"2021-08-24T18:42:04.126Z"}
{"message":"Invalid details","level":"error","timestamp":"2021-08-24T18:43:48.496Z"}
{"message":"Invalid details","level":"error","timestamp":"2021-08-24T18:43:48.606Z"}
{"message":"Invalid details","level":"error","timestamp":"2021-08-24T18:43:48.630Z"}
{"message":"Invalid details","level":"error","timestamp":"2021-08-24T18:43:48.647Z"}
{"message":"User not found","level":"error","timestamp":"2021-08-24T18:43:49.095Z"}
{"message":"User not found","level":"error","timestamp":"2021-08-24T18:43:49.411Z"}
{"message":"Invalid details","level":"error","timestamp":"2021-08-24T18:44:47.139Z"}
{"message":"Invalid details","level":"error","timestamp":"2021-08-24T18:44:47.199Z"}
{"message":"Invalid details","level":"error","timestamp":"2021-08-24T18:44:47.220Z"}
{"message":"Invalid details","level":"error","timestamp":"2021-08-24T18:44:47.242Z"}
{"message":"User not found","level":"error","timestamp":"2021-08-24T18:44:47.689Z"}
{"message":"User not found","level":"error","timestamp":"2021-08-24T18:44:48.005Z"}
