{"message":"User registered successfully","level":"info","timestamp":"2021-08-14T09:06:55.793Z"}
{"message":"EmailId is matched","level":"info","timestamp":"2021-08-14T09:12:59.372Z"}
{"message":"User registered successfully","level":"info","timestamp":"2021-08-14T09:13:07.013Z"}
{"message":"EmailId is matched","level":"info","timestamp":"2021-08-14T09:13:20.284Z"}
{"message":"EmailId is matched","level":"info","timestamp":"2021-08-14T09:13:42.384Z"}
{"message":"User registered successfully","level":"info","timestamp":"2021-08-14T09:19:47.443Z"}
{"message":"Invalid details","level":"error","timestamp":"2021-08-14T09:19:47.510Z"}
{"message":"Invalid details","level":"error","timestamp":"2021-08-14T09:19:47.523Z"}
{"message":"Invalid details","level":"error","timestamp":"2021-08-14T09:19:47.533Z"}
{"message":"Invalid details","level":"error","timestamp":"2021-08-14T09:19:47.543Z"}
{"message":"EmailId is matched","level":"info","timestamp":"2021-08-14T09:19:47.572Z"}
{"message":"User not found","level":"error","timestamp":"2021-08-14T09:19:47.698Z"}
{"message":"EmailId is matched","level":"info","timestamp":"2021-08-14T09:19:47.708Z"}
{"message":"User not found","level":"error","timestamp":"2021-08-14T09:19:47.832Z"}
{"message":"Welcome to Employee Payroll Application","level":"info","timestamp":"2021-08-15T04:42:29.013Z"}
{"message":"Welcome to Employee Payroll Application","level":"info","timestamp":"2021-08-15T04:58:00.566Z"}
{"message":"User registered successfully","level":"info","timestamp":"2021-08-15T05:09:30.546Z"}
{"message":"User registered successfully","level":"info","timestamp":"2021-08-15T05:35:13.594Z"}
{"message":"Invalid details","level":"error","timestamp":"2021-08-15T05:56:27.873Z"}
{"message":"User registered successfully","level":"info","timestamp":"2021-08-15T05:57:11.344Z"}
{"message":"Invalid details","level":"error","timestamp":"2021-08-15T05:57:28.614Z"}
{"message":"User registered successfully","level":"info","timestamp":"2021-08-15T05:57:44.287Z"}
{"message":"Invalid details","level":"error","timestamp":"2021-08-15T05:58:52.785Z"}
{"message":"Invalid details","level":"error","timestamp":"2021-08-15T05:59:19.818Z"}
{"message":"Invalid details","level":"error","timestamp":"2021-08-15T05:59:27.792Z"}
{"message":"User registered successfully","level":"info","timestamp":"2021-08-15T06:00:01.091Z"}
{"message":"EmailId is matched","level":"info","timestamp":"2021-08-15T06:20:40.092Z"}
{"message":"User registered successfully","level":"info","timestamp":"2021-08-15T06:21:20.953Z"}
{"message":"EmailId is matched","level":"info","timestamp":"2021-08-15T06:21:30.503Z"}
{"message":"server is running on port 3000","level":"info","timestamp":"2021-08-15T10:19:22.764Z"}
{"message":"server is running on port 3000","level":"info","timestamp":"2021-08-15T10:20:47.165Z"}
{"message":"User registered successfully","level":"info","timestamp":"2021-08-15T10:35:54.713Z"}
{"message":"EmailId is matched","level":"info","timestamp":"2021-08-15T10:37:09.348Z"}
{"message":"User registered successfully","level":"info","timestamp":"2021-08-15T10:37:25.107Z"}
{"message":"Invalid details","level":"error","timestamp":"2021-08-15T10:37:25.173Z"}
{"message":"Invalid details","level":"error","timestamp":"2021-08-15T10:37:25.181Z"}
{"message":"Invalid details","level":"error","timestamp":"2021-08-15T10:37:25.190Z"}
{"message":"Invalid details","level":"error","timestamp":"2021-08-15T10:37:25.199Z"}
{"message":"EmailId is matched","level":"info","timestamp":"2021-08-15T10:37:25.270Z"}
{"message":"User not found","level":"error","timestamp":"2021-08-15T10:37:25.398Z"}
{"message":"EmailId is matched","level":"info","timestamp":"2021-08-15T10:37:25.408Z"}
{"message":"User not found","level":"error","timestamp":"2021-08-15T10:37:25.539Z"}
{"message":"User registered successfully","level":"info","timestamp":"2021-08-15T17:49:16.976Z"}
{"message":"EmailId is matched","level":"info","timestamp":"2021-08-15T17:49:56.514Z"}
{"message":"User registered successfully","level":"info","timestamp":"2021-08-15T17:56:36.287Z"}
{"message":"Invalid details","level":"error","timestamp":"2021-08-15T17:56:36.314Z"}
{"message":"Invalid details","level":"error","timestamp":"2021-08-15T17:56:36.324Z"}
{"message":"Invalid details","level":"error","timestamp":"2021-08-15T17:56:36.335Z"}
{"message":"Invalid details","level":"error","timestamp":"2021-08-15T17:56:36.350Z"}
{"message":"EmailId is matched","level":"info","timestamp":"2021-08-15T17:56:36.409Z"}
{"message":"User not found","level":"error","timestamp":"2021-08-15T17:56:36.541Z"}
{"message":"EmailId is matched","level":"info","timestamp":"2021-08-15T17:56:36.551Z"}
{"message":"User not found","level":"error","timestamp":"2021-08-15T17:56:36.680Z"}
{"message":"User registered successfully","level":"info","timestamp":"2021-08-15T18:01:36.228Z"}
{"message":"User registered successfully","level":"info","timestamp":"2021-08-15T18:01:40.952Z"}
{"message":"User registered successfully","level":"info","timestamp":"2021-08-15T18:01:44.645Z"}
{"message":"User registered successfully","level":"info","timestamp":"2021-08-15T18:07:44.509Z"}
{"message":"User registered successfully","level":"info","timestamp":"2021-08-16T02:37:56.596Z"}
{"message":"User registered successfully","level":"info","timestamp":"2021-08-16T02:38:39.235Z"}
{"message":"Invalid details","level":"error","timestamp":"2021-08-16T02:38:39.329Z"}
{"message":"Invalid details","level":"error","timestamp":"2021-08-16T02:38:39.349Z"}
{"message":"Invalid details","level":"error","timestamp":"2021-08-16T02:38:39.377Z"}
{"message":"Invalid details","level":"error","timestamp":"2021-08-16T02:38:39.399Z"}
{"message":"EmailId is matched","level":"info","timestamp":"2021-08-16T02:38:39.633Z"}
{"message":"User not found","level":"error","timestamp":"2021-08-16T02:38:39.838Z"}
{"message":"EmailId is matched","level":"info","timestamp":"2021-08-16T02:38:39.856Z"}
{"message":"User not found","level":"error","timestamp":"2021-08-16T02:38:40.011Z"}
{"message":"Invalid details","level":"error","timestamp":"2021-08-16T02:45:08.216Z"}
{"message":"User registered successfully","level":"info","timestamp":"2021-08-16T02:45:32.691Z"}
{"message":"EmailId is matched","level":"info","timestamp":"2021-08-16T02:46:06.608Z"}
{"message":"User registered successfully","level":"info","timestamp":"2021-08-16T04:31:51.083Z"}
{"message":"EmailId is matched","level":"info","timestamp":"2021-08-16T04:32:09.423Z"}
{"message":"User registered successfully","level":"info","timestamp":"2021-08-16T07:24:30.797Z"}
{"message":"Could not connect to the database","level":"error","timestamp":"2021-08-20T17:04:22.585Z"}
{"message":"User registered successfully","level":"info","timestamp":"2021-08-20T17:24:54.467Z"}
{"message":"Invalid details","level":"error","timestamp":"2021-08-20T17:24:54.516Z"}
{"message":"Invalid details","level":"error","timestamp":"2021-08-20T17:24:54.525Z"}
{"message":"Invalid details","level":"error","timestamp":"2021-08-20T17:24:54.536Z"}
{"message":"Invalid details","level":"error","timestamp":"2021-08-20T17:24:54.544Z"}
{"message":"EmailId is matched","level":"info","timestamp":"2021-08-20T17:24:54.625Z"}
{"message":"User not found","level":"error","timestamp":"2021-08-20T17:24:55.026Z"}
{"message":"EmailId is matched","level":"info","timestamp":"2021-08-20T17:24:55.059Z"}
{"message":"User not found","level":"error","timestamp":"2021-08-20T17:24:55.196Z"}
{"message":"Welcome to Employee Payroll Application","level":"info","timestamp":"2021-08-20T17:26:05.414Z"}
{"message":"Some error occured","level":"error","timestamp":"2021-08-20T17:36:41.947Z"}
{"message":"Invalid details","level":"error","timestamp":"2021-08-20T17:36:42.013Z"}
{"message":"Invalid details","level":"error","timestamp":"2021-08-20T17:36:42.024Z"}
{"message":"Invalid details","level":"error","timestamp":"2021-08-20T17:36:42.034Z"}
{"message":"Invalid details","level":"error","timestamp":"2021-08-20T17:36:42.047Z"}
{"message":"EmailId is matched","level":"info","timestamp":"2021-08-20T17:36:42.079Z"}
{"message":"User not found","level":"error","timestamp":"2021-08-20T17:36:42.208Z"}
{"message":"EmailId is matched","level":"info","timestamp":"2021-08-20T17:36:42.218Z"}
{"message":"User not found","level":"error","timestamp":"2021-08-20T17:36:42.344Z"}
{"message":"Some error occured","level":"error","timestamp":"2021-08-20T17:37:43.172Z"}
{"message":"Invalid details","level":"error","timestamp":"2021-08-20T17:37:43.206Z"}
{"message":"Invalid details","level":"error","timestamp":"2021-08-20T17:37:43.216Z"}
{"message":"Invalid details","level":"error","timestamp":"2021-08-20T17:37:43.225Z"}
{"message":"Invalid details","level":"error","timestamp":"2021-08-20T17:37:43.237Z"}
{"message":"EmailId is matched","level":"info","timestamp":"2021-08-20T17:37:43.266Z"}
{"message":"User not found","level":"error","timestamp":"2021-08-20T17:37:43.395Z"}
{"message":"EmailId is matched","level":"info","timestamp":"2021-08-20T17:37:43.409Z"}
{"message":"User not found","level":"error","timestamp":"2021-08-20T17:37:43.535Z"}
{"message":"Welcome to Employee Payroll Application","level":"info","timestamp":"2021-08-20T17:41:26.253Z"}
{"message":"User registered successfully","level":"info","timestamp":"2021-08-21T14:55:13.193Z"}
{"message":"EmailId is matched","level":"info","timestamp":"2021-08-21T14:55:55.092Z"}
{"message":"Invalid details","level":"error","timestamp":"2021-08-21T15:02:28.685Z"}
{"message":"User not found","level":"error","timestamp":"2021-08-21T15:03:05.242Z"}
{"message":"User not found","level":"error","timestamp":"2021-08-21T15:03:10.917Z"}
{"message":"User not found","level":"error","timestamp":"2021-08-21T15:03:21.598Z"}
{"message":"User not found","level":"error","timestamp":"2021-08-21T15:03:23.004Z"}
{"message":"EmailId is matched","level":"info","timestamp":"2021-08-21T15:03:36.388Z"}
{"message":"EmailId is matched","level":"info","timestamp":"2021-08-21T15:03:58.212Z"}
{"message":"User registered successfully","level":"info","timestamp":"2021-08-21T15:09:56.986Z"}
{"message":"EmailId is matched","level":"info","timestamp":"2021-08-21T15:10:51.480Z"}
{"message":"EmailId is matched","level":"info","timestamp":"2021-08-21T16:02:21.255Z"}
{"message":"EmailId is matched","level":"info","timestamp":"2021-08-21T16:18:12.999Z"}
{"message":"EmailId is matched","level":"info","timestamp":"2021-08-21T16:19:20.067Z"}
{"message":"EmailId is matched","level":"info","timestamp":"2021-08-21T16:23:14.370Z"}
{"message":"EmailId is matched","level":"info","timestamp":"2021-08-21T16:26:07.826Z"}
{"message":"EmailId is matched","level":"info","timestamp":"2021-08-23T03:06:17.163Z"}
{"message":"EmailId is matched","level":"info","timestamp":"2021-08-23T04:41:58.092Z"}
{"message":"EmailId is matched","level":"info","timestamp":"2021-08-23T04:44:30.313Z"}
{"message":"Some error occured","level":"error","timestamp":"2021-08-23T04:47:45.575Z"}
{"message":"Invalid details","level":"error","timestamp":"2021-08-23T04:47:45.635Z"}
{"message":"Invalid details","level":"error","timestamp":"2021-08-23T04:47:45.654Z"}
{"message":"Invalid details","level":"error","timestamp":"2021-08-23T04:47:45.697Z"}
{"message":"Invalid details","level":"error","timestamp":"2021-08-23T04:47:45.712Z"}
{"message":"EmailId is matched","level":"info","timestamp":"2021-08-23T04:47:45.792Z"}
{"message":"User not found","level":"error","timestamp":"2021-08-23T04:47:45.982Z"}
{"message":"EmailId is matched","level":"info","timestamp":"2021-08-23T04:47:46.019Z"}
{"message":"User not found","level":"error","timestamp":"2021-08-23T04:47:46.180Z"}
{"message":"EmailId is matched","level":"info","timestamp":"2021-08-23T08:57:14.629Z"}
